# JRE version: Java(TM) SE Runtime Environment (8.0_91-b14) (build 1.8.0_91-b14)
# Java VM: Java HotSpot(TM) 64-Bit Server VM (25.91-b14 mixed mode windows-amd64 compressed oops)
Heap:
 PSYoungGen      total 143360K, used 23802K [0x00000000eab00000, 0x00000000fc280000, 0x0000000100000000)
  eden space 122880K, 2% used [0x00000000eab00000,0x00000000eae3f9a0,0x00000000f2300000)
  from space 20480K, 99% used [0x00000000f2300000,0x00000000f36ff0d8,0x00000000f3700000)
  to   space 69120K, 0% used [0x00000000f7f00000,0x00000000f7f00000,0x00000000fc280000)
 ParOldGen       total 232448K, used 124476K [0x00000000c0000000, 0x00000000ce300000, 0x00000000eab00000)
  object space 232448K, 53% used [0x00000000c0000000,0x00000000c798f070,0x00000000ce300000)
 Metaspace       used 6581K, capacity 7256K, committed 7424K, reserved 1056768K
  class space    used 629K, capacity 656K, committed 768K, reserved 1048576K
GC Heap History (10 events):
Event: 6.115 GC heap before
{Heap before GC invocations=7 (full 0):
 PSYoungGen      total 139264K, used 139254K [0x00000000eab00000, 0x00000000f4f00000, 0x0000000100000000)
  eden space 122880K, 100% used [0x00000000eab00000,0x00000000f2300000,0x00000000f2300000)
  from space 16384K, 99% used [0x00000000f3700000,0x00000000f46fd818,0x00000000f4700000)
  to   space 20480K, 0% used [0x00000000f2300000,0x00000000f2300000,0x00000000f3700000)
 ParOldGen       total 84992K, used 22875K [0x00000000c0000000, 0x00000000c5300000, 0x00000000eab00000)
  object space 84992K, 26% used [0x00000000c0000000,0x00000000c1656cd8,0x00000000c5300000)
 Metaspace       used 6581K, capacity 7256K, committed 7424K, reserved 1056768K
  class space    used 629K, capacity 656K, committed 768K, reserved 1048576K
Event: 6.190 GC heap after
Heap after GC invocations=7 (full 0):
 PSYoungGen      total 143360K, used 20449K [0x00000000eab00000, 0x00000000f4f00000, 0x0000000100000000)
  eden space 122880K, 0% used [0x00000000eab00000,0x00000000eab00000,0x00000000f2300000)
  from space 20480K, 99% used [0x00000000f2300000,0x00000000f36f8508,0x00000000f3700000)
  to   space 16384K, 0% used [0x00000000f3700000,0x00000000f3700000,0x00000000f4700000)
 ParOldGen       total 84992K, used 69404K [0x00000000c0000000, 0x00000000c5300000, 0x00000000eab00000)
  object space 84992K, 81% used [0x00000000c0000000,0x00000000c43c72d8,0x00000000c5300000)
 Metaspace       used 6581K, capacity 7256K, committed 7424K, reserved 1056768K
  class space    used 629K, capacity 656K, committed 768K, reserved 1048576K
}
Event: 6.190 GC heap before
{Heap before GC invocations=8 (full 1):
 PSYoungGen      total 143360K, used 20449K [0x00000000eab00000, 0x00000000f4f00000, 0x0000000100000000)
  eden space 122880K, 0% used [0x00000000eab00000,0x00000000eab00000,0x00000000f2300000)
  from space 20480K, 99% used [0x00000000f2300000,0x00000000f36f8508,0x00000000f3700000)
  to   space 16384K, 0% used [0x00000000f3700000,0x00000000f3700000,0x00000000f4700000)
 ParOldGen       total 84992K, used 69404K [0x00000000c0000000, 0x00000000c5300000, 0x00000000eab00000)
  object space 84992K, 81% used [0x00000000c0000000,0x00000000c43c72d8,0x00000000c5300000)
 Metaspace       used 6581K, capacity 7256K, committed 7424K, reserved 1056768K
  class space    used 629K, capacity 656K, committed 768K, reserved 1048576K
Event: 6.574 GC heap after
Heap after GC invocations=8 (full 1):
 PSYoungGen      total 143360K, used 0K [0x00000000eab00000, 0x00000000f4f00000, 0x0000000100000000)
  eden space 122880K, 0% used [0x00000000eab00000,0x00000000eab00000,0x00000000f2300000)
  from space 20480K, 0% used [0x00000000f2300000,0x00000000f2300000,0x00000000f3700000)
  to   space 16384K, 0% used [0x00000000f3700000,0x00000000f3700000,0x00000000f4700000)
 ParOldGen       total 84992K, used 48464K [0x00000000c0000000, 0x00000000c5300000, 0x00000000eab00000)
  object space 84992K, 57% used [0x00000000c0000000,0x00000000c2f540e8,0x00000000c5300000)
 Metaspace       used 6581K, capacity 7256K, committed 7424K, reserved 1056768K
  class space    used 629K, capacity 656K, committed 768K, reserved 1048576K
}
Event: 6.803 GC heap before
{Heap before GC invocations=9 (full 1):
 PSYoungGen      total 143360K, used 122880K [0x00000000eab00000, 0x00000000f4f00000, 0x0000000100000000)
  eden space 122880K, 100% used [0x00000000eab00000,0x00000000f2300000,0x00000000f2300000)
  from space 20480K, 0% used [0x00000000f2300000,0x00000000f2300000,0x00000000f3700000)
  to   space 16384K, 0% used [0x00000000f3700000,0x00000000f3700000,0x00000000f4700000)
 ParOldGen       total 84992K, used 48464K [0x00000000c0000000, 0x00000000c5300000, 0x00000000eab00000)
  object space 84992K, 57% used [0x00000000c0000000,0x00000000c2f540e8,0x00000000c5300000)
 Metaspace       used 6581K, capacity 7256K, committed 7424K, reserved 1056768K
  class space    used 629K, capacity 656K, committed 768K, reserved 1048576K
Event: 6.943 GC heap after
Heap after GC invocations=9 (full 1):
 PSYoungGen      total 139264K, used 16370K [0x00000000eab00000, 0x00000000f4f00000, 0x0000000100000000)
  eden space 122880K, 0% used [0x00000000eab00000,0x00000000eab00000,0x00000000f2300000)
  from space 16384K, 99% used [0x00000000f3700000,0x00000000f46fcbd8,0x00000000f4700000)
  to   space 20480K, 0% used [0x00000000f2300000,0x00000000f2300000,0x00000000f3700000)
 ParOldGen       total 109056K, used 108682K [0x00000000c0000000, 0x00000000c6a80000, 0x00000000eab00000)
  object space 109056K, 99% used [0x00000000c0000000,0x00000000c6a22b20,0x00000000c6a80000)
 Metaspace       used 6581K, capacity 7256K, committed 7424K, reserved 1056768K
  class space    used 629K, capacity 656K, committed 768K, reserved 1048576K
}
Event: 6.943 GC heap before
{Heap before GC invocations=10 (full 2):
 PSYoungGen      total 139264K, used 16370K [0x00000000eab00000, 0x00000000f4f00000, 0x0000000100000000)
  eden space 122880K, 0% used [0x00000000eab00000,0x00000000eab00000,0x00000000f2300000)
  from space 16384K, 99% used [0x00000000f3700000,0x00000000f46fcbd8,0x00000000f4700000)
  to   space 20480K, 0% used [0x00000000f2300000,0x00000000f2300000,0x00000000f3700000)
 ParOldGen       total 109056K, used 108682K [0x00000000c0000000, 0x00000000c6a80000, 0x00000000eab00000)
  object space 109056K, 99% used [0x00000000c0000000,0x00000000c6a22b20,0x00000000c6a80000)
 Metaspace       used 6581K, capacity 7256K, committed 7424K, reserved 1056768K
  class space    used 629K, capacity 656K, committed 768K, reserved 1048576K
Event: 7.180 GC heap after
Heap after GC invocations=10 (full 2):
 PSYoungGen      total 139264K, used 7637K [0x00000000eab00000, 0x00000000f4f00000, 0x0000000100000000)
  eden space 122880K, 0% used [0x00000000eab00000,0x00000000eab00000,0x00000000f2300000)
  from space 16384K, 46% used [0x00000000f3700000,0x00000000f3e75430,0x00000000f4700000)
  to   space 20480K, 0% used [0x00000000f2300000,0x00000000f2300000,0x00000000f3700000)
 ParOldGen       total 232448K, used 108962K [0x00000000c0000000, 0x00000000ce300000, 0x00000000eab00000)
  object space 232448K, 46% used [0x00000000c0000000,0x00000000c6a68818,0x00000000ce300000)
 Metaspace       used 6581K, capacity 7256K, committed 7424K, reserved 1056768K
  class space    used 629K, capacity 656K, committed 768K, reserved 1048576K
}
Event: 7.509 GC heap before
{Heap before GC invocations=11 (full 2):
 PSYoungGen      total 139264K, used 130434K [0x00000000eab00000, 0x00000000f4f00000, 0x0000000100000000)
  eden space 122880K, 99% used [0x00000000eab00000,0x00000000f22eb7b8,0x00000000f2300000)
  from space 16384K, 46% used [0x00000000f3700000,0x00000000f3e75430,0x00000000f4700000)
  to   space 20480K, 0% used [0x00000000f2300000,0x00000000f2300000,0x00000000f3700000)
 ParOldGen       total 232448K, used 108962K [0x00000000c0000000, 0x00000000ce300000, 0x00000000eab00000)
  object space 232448K, 46% used [0x00000000c0000000,0x00000000c6a68818,0x00000000ce300000)
 Metaspace       used 6581K, capacity 7256K, committed 7424K, reserved 1056768K
  class space    used 629K, capacity 656K, committed 768K, reserved 1048576K
Event: 7.572 GC heap after
Heap after GC invocations=11 (full 2):
 PSYoungGen      total 143360K, used 20476K [0x00000000eab00000, 0x00000000fc280000, 0x0000000100000000)
  eden space 122880K, 0% used [0x00000000eab00000,0x00000000eab00000,0x00000000f2300000)
  from space 20480K, 99% used [0x00000000f2300000,0x00000000f36ff0d8,0x00000000f3700000)
  to   space 69120K, 0% used [0x00000000f7f00000,0x00000000f7f00000,0x00000000fc280000)
 ParOldGen       total 232448K, used 124476K [0x00000000c0000000, 0x00000000ce300000, 0x00000000eab00000)
  object space 232448K, 53% used [0x00000000c0000000,0x00000000c798f070,0x00000000ce300000)
 Metaspace       used 6581K, capacity 7256K, committed 7424K, reserved 1056768K
  class space    used 629K, capacity 656K, committed 768K, reserved 1048576K
}

