# JRE version: Java(TM) SE Runtime Environment (8.0_91-b14) (build 1.8.0_91-b14)
# Java VM: Java HotSpot(TM) 64-Bit Server VM (25.91-b14 mixed mode windows-amd64 compressed oops)
Heap:
 PSYoungGen      total 36864K, used 23958K [0x00000000eab00000, 0x00000000eec00000, 0x0000000100000000)
  eden space 31744K, 59% used [0x00000000eab00000,0x00000000ebd6a648,0x00000000eca00000)
  from space 5120K, 99% used [0x00000000ecf00000,0x00000000ed3fb400,0x00000000ed400000)
  to   space 5120K, 0% used [0x00000000eca00000,0x00000000eca00000,0x00000000ecf00000)
 ParOldGen       total 51200K, used 18104K [0x00000000c0000000, 0x00000000c3200000, 0x00000000eab00000)
  object space 51200K, 35% used [0x00000000c0000000,0x00000000c11ae358,0x00000000c3200000)
 Metaspace       used 6252K, capacity 7094K, committed 7296K, reserved 1058816K
  class space    used 607K, capacity 622K, committed 640K, reserved 1048576K
GC Heap History (10 events):
Event: 1.929 GC heap before
{Heap before GC invocations=3 (full 0):
 PSYoungGen      total 36864K, used 8214K [0x00000000eab00000, 0x00000000ed400000, 0x0000000100000000)
  eden space 31744K, 9% used [0x00000000eab00000,0x00000000eae0c8c0,0x00000000eca00000)
  from space 5120K, 99% used [0x00000000ecf00000,0x00000000ed3f90b8,0x00000000ed400000)
  to   space 5120K, 0% used [0x00000000eca00000,0x00000000eca00000,0x00000000ecf00000)
 ParOldGen       total 84992K, used 3967K [0x00000000c0000000, 0x00000000c5300000, 0x00000000eab00000)
  object space 84992K, 4% used [0x00000000c0000000,0x00000000c03dfd88,0x00000000c5300000)
 Metaspace       used 6124K, capacity 6966K, committed 7040K, reserved 1060864K
  class space    used 606K, capacity 622K, committed 640K, reserved 1048576K
Event: 1.937 GC heap after
Heap after GC invocations=3 (full 0):
 PSYoungGen      total 36864K, used 5093K [0x00000000eab00000, 0x00000000ed400000, 0x0000000100000000)
  eden space 31744K, 0% used [0x00000000eab00000,0x00000000eab00000,0x00000000eca00000)
  from space 5120K, 99% used [0x00000000eca00000,0x00000000ecef95f8,0x00000000ecf00000)
  to   space 5120K, 0% used [0x00000000ecf00000,0x00000000ecf00000,0x00000000ed400000)
 ParOldGen       total 84992K, used 4411K [0x00000000c0000000, 0x00000000c5300000, 0x00000000eab00000)
  object space 84992K, 5% used [0x00000000c0000000,0x00000000c044eda0,0x00000000c5300000)
 Metaspace       used 6124K, capacity 6966K, committed 7040K, reserved 1060864K
  class space    used 606K, capacity 622K, committed 640K, reserved 1048576K
}
Event: 1.937 GC heap before
{Heap before GC invocations=4 (full 1):
 PSYoungGen      total 36864K, used 5093K [0x00000000eab00000, 0x00000000ed400000, 0x0000000100000000)
  eden space 31744K, 0% used [0x00000000eab00000,0x00000000eab00000,0x00000000eca00000)
  from space 5120K, 99% used [0x00000000eca00000,0x00000000ecef95f8,0x00000000ecf00000)
  to   space 5120K, 0% used [0x00000000ecf00000,0x00000000ecf00000,0x00000000ed400000)
 ParOldGen       total 84992K, used 4411K [0x00000000c0000000, 0x00000000c5300000, 0x00000000eab00000)
  object space 84992K, 5% used [0x00000000c0000000,0x00000000c044eda0,0x00000000c5300000)
 Metaspace       used 6124K, capacity 6966K, committed 7040K, reserved 1060864K
  class space    used 606K, capacity 622K, committed 640K, reserved 1048576K
Event: 2.041 GC heap after
Heap after GC invocations=4 (full 1):
 PSYoungGen      total 36864K, used 0K [0x00000000eab00000, 0x00000000ed400000, 0x0000000100000000)
  eden space 31744K, 0% used [0x00000000eab00000,0x00000000eab00000,0x00000000eca00000)
  from space 5120K, 0% used [0x00000000eca00000,0x00000000eca00000,0x00000000ecf00000)
  to   space 5120K, 0% used [0x00000000ecf00000,0x00000000ecf00000,0x00000000ed400000)
 ParOldGen       total 51200K, used 8873K [0x00000000c0000000, 0x00000000c3200000, 0x00000000eab00000)
  object space 51200K, 17% used [0x00000000c0000000,0x00000000c08aa6f0,0x00000000c3200000)
 Metaspace       used 6124K, capacity 6966K, committed 7040K, reserved 1058816K
  class space    used 606K, capacity 622K, committed 640K, reserved 1048576K
}
Event: 2.145 GC heap before
{Heap before GC invocations=5 (full 1):
 PSYoungGen      total 36864K, used 31744K [0x00000000eab00000, 0x00000000ed400000, 0x0000000100000000)
  eden space 31744K, 100% used [0x00000000eab00000,0x00000000eca00000,0x00000000eca00000)
  from space 5120K, 0% used [0x00000000eca00000,0x00000000eca00000,0x00000000ecf00000)
  to   space 5120K, 0% used [0x00000000ecf00000,0x00000000ecf00000,0x00000000ed400000)
 ParOldGen       total 51200K, used 8873K [0x00000000c0000000, 0x00000000c3200000, 0x00000000eab00000)
  object space 51200K, 17% used [0x00000000c0000000,0x00000000c08aa6f0,0x00000000c3200000)
 Metaspace       used 6168K, capacity 7030K, committed 7296K, reserved 1058816K
  class space    used 607K, capacity 622K, committed 640K, reserved 1048576K
Event: 2.150 GC heap after
Heap after GC invocations=5 (full 1):
 PSYoungGen      total 36864K, used 5097K [0x00000000eab00000, 0x00000000eec00000, 0x0000000100000000)
  eden space 31744K, 0% used [0x00000000eab00000,0x00000000eab00000,0x00000000eca00000)
  from space 5120K, 99% used [0x00000000ecf00000,0x00000000ed3fa618,0x00000000ed400000)
  to   space 5120K, 0% used [0x00000000eca00000,0x00000000eca00000,0x00000000ecf00000)
 ParOldGen       total 51200K, used 8923K [0x00000000c0000000, 0x00000000c3200000, 0x00000000eab00000)
  object space 51200K, 17% used [0x00000000c0000000,0x00000000c08b6cf8,0x00000000c3200000)
 Metaspace       used 6168K, capacity 7030K, committed 7296K, reserved 1058816K
  class space    used 607K, capacity 622K, committed 640K, reserved 1048576K
}
Event: 2.235 GC heap before
{Heap before GC invocations=6 (full 1):
 PSYoungGen      total 36864K, used 36841K [0x00000000eab00000, 0x00000000eec00000, 0x0000000100000000)
  eden space 31744K, 100% used [0x00000000eab00000,0x00000000eca00000,0x00000000eca00000)
  from space 5120K, 99% used [0x00000000ecf00000,0x00000000ed3fa618,0x00000000ed400000)
  to   space 5120K, 0% used [0x00000000eca00000,0x00000000eca00000,0x00000000ecf00000)
 ParOldGen       total 51200K, used 8923K [0x00000000c0000000, 0x00000000c3200000, 0x00000000eab00000)
  object space 51200K, 17% used [0x00000000c0000000,0x00000000c08b6cf8,0x00000000c3200000)
 Metaspace       used 6182K, capacity 7030K, committed 7296K, reserved 1058816K
  class space    used 607K, capacity 622K, committed 640K, reserved 1048576K
Event: 2.243 GC heap after
Heap after GC invocations=6 (full 1):
 PSYoungGen      total 36864K, used 5097K [0x00000000eab00000, 0x00000000eec00000, 0x0000000100000000)
  eden space 31744K, 0% used [0x00000000eab00000,0x00000000eab00000,0x00000000eca00000)
  from space 5120K, 99% used [0x00000000eca00000,0x00000000ecefa628,0x00000000ecf00000)
  to   space 5120K, 0% used [0x00000000ecf00000,0x00000000ecf00000,0x00000000ed400000)
 ParOldGen       total 51200K, used 13460K [0x00000000c0000000, 0x00000000c3200000, 0x00000000eab00000)
  object space 51200K, 26% used [0x00000000c0000000,0x00000000c0d25138,0x00000000c3200000)
 Metaspace       used 6182K, capacity 7030K, committed 7296K, reserved 1058816K
  class space    used 607K, capacity 622K, committed 640K, reserved 1048576K
}
Event: 2.333 GC heap before
{Heap before GC invocations=7 (full 1):
 PSYoungGen      total 36864K, used 36841K [0x00000000eab00000, 0x00000000eec00000, 0x0000000100000000)
  eden space 31744K, 100% used [0x00000000eab00000,0x00000000eca00000,0x00000000eca00000)
  from space 5120K, 99% used [0x00000000eca00000,0x00000000ecefa628,0x00000000ecf00000)
  to   space 5120K, 0% used [0x00000000ecf00000,0x00000000ecf00000,0x00000000ed400000)
 ParOldGen       total 51200K, used 13460K [0x00000000c0000000, 0x00000000c3200000, 0x00000000eab00000)
  object space 51200K, 26% used [0x00000000c0000000,0x00000000c0d25138,0x00000000c3200000)
 Metaspace       used 6207K, capacity 7030K, committed 7296K, reserved 1058816K
  class space    used 607K, capacity 622K, committed 640K, reserved 1048576K
Event: 2.341 GC heap after
Heap after GC invocations=7 (full 1):
 PSYoungGen      total 36864K, used 5101K [0x00000000eab00000, 0x00000000eec00000, 0x0000000100000000)
  eden space 31744K, 0% used [0x00000000eab00000,0x00000000eab00000,0x00000000eca00000)
  from space 5120K, 99% used [0x00000000ecf00000,0x00000000ed3fb400,0x00000000ed400000)
  to   space 5120K, 0% used [0x00000000eca00000,0x00000000eca00000,0x00000000ecf00000)
 ParOldGen       total 51200K, used 18104K [0x00000000c0000000, 0x00000000c3200000, 0x00000000eab00000)
  object space 51200K, 35% used [0x00000000c0000000,0x00000000c11ae358,0x00000000c3200000)
 Metaspace       used 6207K, capacity 7030K, committed 7296K, reserved 1058816K
  class space    used 607K, capacity 622K, committed 640K, reserved 1048576K
}

